<class 'pandas.core.frame.DataFrame'>
RangeIndex: 545 entries, 0 to 544
Data columns (total 13 columns):
 #   Column            Non-Null Count  Dtype
---  ------            --------------  -----
 0   price             545 non-null    int64
 1   area              545 non-null    int64
 2   bedrooms          545 non-null    int64
 3   bathrooms         545 non-null    int64
 4   stories           545 non-null    int64
 5   mainroad          545 non-null    object
 6   guestroom         545 non-null    object
 7   basement          545 non-null    object
 8   hotwaterheating   545 non-null    object
 9   airconditioning   545 non-null    object
 10  parking           545 non-null    int64
 11  prefarea          545 non-null    object
 12  furnishingstatus  545 non-null    object
dtypes: int64(6), object(7)
memory usage: 55.5+ KB
count    5.450000e+02
mean     4.766729e+06
std      1.870440e+06
min      1.750000e+06
25%      3.430000e+06
50%      4.340000e+06
75%      5.740000e+06
85%      6.615000e+06
90%      7.350000e+06
100%     1.330000e+07
max      1.330000e+07
Name: price, dtype: float64
mainroad
guestroom
basement
hotwaterheating
airconditioning
prefarea
furnishingstatus
mainroad
guestroom
basement
hotwaterheating
airconditioning
prefarea
furnishingstatus
['price', 'area', 'bedrooms', 'bathrooms', 'stories', 'parking']
<class 'pandas.core.frame.DataFrame'>
RangeIndex: 545 entries, 0 to 544
Data columns (total 13 columns):
 #   Column            Non-Null Count  Dtype
---  ------            --------------  -----
 0   price             545 non-null    int64
 1   area              545 non-null    int64
 2   bedrooms          545 non-null    int64
 3   bathrooms         545 non-null    int64
 4   stories           545 non-null    int64
 5   mainroad          545 non-null    object
 6   guestroom         545 non-null    object
 7   basement          545 non-null    object
 8   hotwaterheating   545 non-null    object
 9   airconditioning   545 non-null    object
 10  parking           545 non-null    int64
 11  prefarea          545 non-null    object
 12  furnishingstatus  545 non-null    object
dtypes: int64(6), object(7)
memory usage: 55.5+ KB
count    5.450000e+02
mean     4.766729e+06
std      1.870440e+06
min      1.750000e+06
25%      3.430000e+06
50%      4.340000e+06
75%      5.740000e+06
85%      6.615000e+06
90%      7.350000e+06
100%     1.330000e+07
max      1.330000e+07
Name: price, dtype: float64
mainroad
guestroom
basement
hotwaterheating
airconditioning
prefarea
furnishingstatus
['price', 'area', 'bedrooms', 'bathrooms', 'stories', 'parking']
MAE: 915955.8864463973
MSE: 1552389233075.0469
RMSE: 1245949.1294090007
R²: 0.6631280462200981
/home/victor/.pyenv/versions/3.11.10/lib/python3.11/site-packages/sklearn/utils/validation.py:2739: UserWarning: X does not have valid feature names, but LinearRegression was fitted with feature names
  warnings.warn(
[34m[1mwandb[0m: [33mWARNING[0m using only the first 100 datapoints to create chart residuals
/home/victor/.pyenv/versions/3.11.10/lib/python3.11/site-packages/sklearn/utils/validation.py:2739: UserWarning: X does not have valid feature names, but LinearRegression was fitted with feature names
  warnings.warn(
[34m[1mwandb[0m: [33mWARNING[0m using only the first 100 datapoints to create chart residuals
/home/victor/.pyenv/versions/3.11.10/lib/python3.11/site-packages/sklearn/utils/validation.py:2739: UserWarning: X does not have valid feature names, but LinearRegression was fitted with feature names
  warnings.warn(
[34m[1mwandb[0m: [33mWARNING[0m using only the first 100 datapoints to create chart residuals
[34m[1mwandb[0m:
[34m[1mwandb[0m: Plotting LinearRegression.
/home/victor/.pyenv/versions/3.11.10/lib/python3.11/site-packages/sklearn/utils/validation.py:2739: UserWarning: X does not have valid feature names, but LinearRegression was fitted with feature names
  warnings.warn(
[34m[1mwandb[0m: Logged summary metrics.
[34m[1mwandb[0m: Logged learning curve.
/home/victor/.pyenv/versions/3.11.10/lib/python3.11/site-packages/sklearn/utils/validation.py:2739: UserWarning: X does not have valid feature names, but LinearRegression was fitted with feature names
  warnings.warn(
[34m[1mwandb[0m: Logged outlier candidates.
/home/victor/.pyenv/versions/3.11.10/lib/python3.11/site-packages/sklearn/utils/validation.py:2739: UserWarning: X does not have valid feature names, but LinearRegression was fitted with feature names
  warnings.warn(
[34m[1mwandb[0m: [33mWARNING[0m using only the first 100 datapoints to create chart residuals
[34m[1mwandb[0m: Logged residuals.
