{"time":"2025-04-03T19:14:28.362340687+02:00","level":"INFO","msg":"stream: starting","core version":"0.19.7","symlink path":"/home/victor/Github/upm-dl-mlops/project/notebooks/wandb/run-20250403_191428-6imwdje9/logs/debug-core.log"}
{"time":"2025-04-03T19:14:28.467556556+02:00","level":"INFO","msg":"created new stream","id":"6imwdje9"}
{"time":"2025-04-03T19:14:28.467577482+02:00","level":"INFO","msg":"stream: started","id":"6imwdje9"}
{"time":"2025-04-03T19:14:28.467593444+02:00","level":"INFO","msg":"handler: started","stream_id":"6imwdje9"}
{"time":"2025-04-03T19:14:28.467592844+02:00","level":"INFO","msg":"writer: Do: started","stream_id":"6imwdje9"}
{"time":"2025-04-03T19:14:28.467649254+02:00","level":"INFO","msg":"sender: started","stream_id":"6imwdje9"}
{"time":"2025-04-03T19:14:28.695033475+02:00","level":"INFO","msg":"Starting system monitor"}
{"time":"2025-04-03T19:14:28.947060301+02:00","level":"INFO","msg":"Pausing system monitor"}
{"time":"2025-04-03T19:21:03.444873861+02:00","level":"INFO","msg":"Resuming system monitor"}
{"time":"2025-04-03T19:21:03.570703928+02:00","level":"INFO","msg":"Pausing system monitor"}
{"time":"2025-04-03T19:21:04.702718835+02:00","level":"INFO","msg":"Resuming system monitor"}
{"time":"2025-04-03T19:21:04.739580345+02:00","level":"INFO","msg":"Pausing system monitor"}
{"time":"2025-04-03T19:21:05.402428479+02:00","level":"INFO","msg":"Resuming system monitor"}
{"time":"2025-04-03T19:21:05.417116842+02:00","level":"INFO","msg":"Pausing system monitor"}
{"time":"2025-04-03T19:21:07.731743534+02:00","level":"INFO","msg":"Resuming system monitor"}
{"time":"2025-04-03T19:21:07.74727097+02:00","level":"INFO","msg":"Pausing system monitor"}
{"time":"2025-04-03T19:21:09.772532673+02:00","level":"INFO","msg":"Resuming system monitor"}
{"time":"2025-04-03T19:21:09.813949214+02:00","level":"INFO","msg":"Pausing system monitor"}
{"time":"2025-04-03T19:21:11.092030438+02:00","level":"INFO","msg":"Resuming system monitor"}
{"time":"2025-04-03T19:21:11.109140938+02:00","level":"INFO","msg":"Pausing system monitor"}
{"time":"2025-04-03T19:21:12.383818953+02:00","level":"INFO","msg":"Resuming system monitor"}
{"time":"2025-04-03T19:21:12.40391224+02:00","level":"INFO","msg":"Pausing system monitor"}
{"time":"2025-04-03T19:21:13.710108203+02:00","level":"INFO","msg":"Resuming system monitor"}
{"time":"2025-04-03T19:21:13.716057654+02:00","level":"INFO","msg":"Pausing system monitor"}
{"time":"2025-04-03T19:21:15.092269954+02:00","level":"INFO","msg":"Resuming system monitor"}
{"time":"2025-04-03T19:21:15.095128254+02:00","level":"INFO","msg":"Pausing system monitor"}
{"time":"2025-04-03T19:21:17.208783312+02:00","level":"INFO","msg":"Resuming system monitor"}
{"time":"2025-04-03T19:21:17.455848789+02:00","level":"INFO","msg":"Pausing system monitor"}
{"time":"2025-04-03T19:22:00.414467917+02:00","level":"INFO","msg":"Resuming system monitor"}
{"time":"2025-04-03T19:22:00.456111635+02:00","level":"INFO","msg":"Pausing system monitor"}
{"time":"2025-04-03T19:22:02.45955955+02:00","level":"INFO","msg":"Resuming system monitor"}
{"time":"2025-04-03T19:22:02.46111793+02:00","level":"INFO","msg":"Pausing system monitor"}
{"time":"2025-04-03T19:22:32.235408226+02:00","level":"INFO","msg":"Resuming system monitor"}
{"time":"2025-04-03T19:22:32.277000034+02:00","level":"INFO","msg":"Pausing system monitor"}
{"time":"2025-04-03T19:23:03.205273235+02:00","level":"INFO","msg":"Resuming system monitor"}
{"time":"2025-04-03T19:23:03.394531212+02:00","level":"INFO","msg":"Pausing system monitor"}
{"time":"2025-04-03T19:23:22.603073239+02:00","level":"INFO","msg":"Resuming system monitor"}
{"time":"2025-04-03T19:23:22.873786305+02:00","level":"INFO","msg":"Pausing system monitor"}
{"time":"2025-04-03T19:23:36.052478846+02:00","level":"INFO","msg":"Resuming system monitor"}
{"time":"2025-04-03T19:23:36.095956941+02:00","level":"INFO","msg":"Pausing system monitor"}
{"time":"2025-04-03T19:23:38.092670222+02:00","level":"INFO","msg":"Resuming system monitor"}
{"time":"2025-04-03T19:23:38.715230468+02:00","level":"INFO","msg":"Pausing system monitor"}
{"time":"2025-04-03T19:23:44.924152031+02:00","level":"INFO","msg":"Resuming system monitor"}
{"time":"2025-04-03T19:23:48.702647701+02:00","level":"INFO","msg":"Pausing system monitor"}
{"time":"2025-04-03T19:24:35.951641808+02:00","level":"INFO","msg":"Resuming system monitor"}
{"time":"2025-04-03T19:24:36.110389058+02:00","level":"INFO","msg":"Pausing system monitor"}
{"time":"2025-04-03T19:25:08.136677476+02:00","level":"INFO","msg":"Resuming system monitor"}
{"time":"2025-04-03T19:25:08.268366322+02:00","level":"INFO","msg":"Pausing system monitor"}
{"time":"2025-04-03T19:25:13.777226135+02:00","level":"INFO","msg":"Resuming system monitor"}
{"time":"2025-04-03T19:25:13.817953505+02:00","level":"INFO","msg":"Pausing system monitor"}
{"time":"2025-04-03T19:25:27.724992974+02:00","level":"INFO","msg":"Resuming system monitor"}
{"time":"2025-04-03T19:25:28.310437262+02:00","level":"INFO","msg":"Pausing system monitor"}
{"time":"2025-04-03T19:25:44.139127492+02:00","level":"INFO","msg":"Resuming system monitor"}
{"time":"2025-04-03T19:25:44.188918324+02:00","level":"INFO","msg":"Pausing system monitor"}
{"time":"2025-04-03T19:26:05.101650088+02:00","level":"INFO","msg":"Resuming system monitor"}
{"time":"2025-04-03T19:26:05.143007553+02:00","level":"INFO","msg":"Pausing system monitor"}
{"time":"2025-04-03T19:26:05.143036778+02:00","level":"INFO","msg":"Resuming system monitor"}
{"time":"2025-04-03T19:26:05.14304241+02:00","level":"INFO","msg":"Pausing system monitor"}
{"time":"2025-04-03T19:26:05.144793429+02:00","level":"INFO","msg":"Resuming system monitor"}
{"time":"2025-04-03T19:26:05.158197953+02:00","level":"INFO","msg":"Pausing system monitor"}
{"time":"2025-04-03T19:26:05.217975012+02:00","level":"INFO","msg":"Resuming system monitor"}
{"time":"2025-04-03T19:26:05.233031051+02:00","level":"INFO","msg":"Pausing system monitor"}
{"time":"2025-04-03T19:26:05.258166166+02:00","level":"INFO","msg":"Resuming system monitor"}
{"time":"2025-04-03T19:26:05.2658654+02:00","level":"INFO","msg":"Pausing system monitor"}
{"time":"2025-04-03T19:26:05.276428047+02:00","level":"INFO","msg":"Resuming system monitor"}
{"time":"2025-04-03T19:26:05.291678833+02:00","level":"INFO","msg":"Pausing system monitor"}
{"time":"2025-04-03T19:26:05.308325925+02:00","level":"INFO","msg":"Resuming system monitor"}
{"time":"2025-04-03T19:26:05.315285716+02:00","level":"INFO","msg":"Pausing system monitor"}
{"time":"2025-04-03T19:26:05.332474149+02:00","level":"INFO","msg":"Resuming system monitor"}
{"time":"2025-04-03T19:26:05.336475138+02:00","level":"INFO","msg":"Pausing system monitor"}
{"time":"2025-04-03T19:26:05.349975528+02:00","level":"INFO","msg":"Resuming system monitor"}
{"time":"2025-04-03T19:26:05.566299786+02:00","level":"INFO","msg":"Pausing system monitor"}
{"time":"2025-04-03T19:26:05.578302097+02:00","level":"INFO","msg":"Resuming system monitor"}
{"time":"2025-04-03T19:26:05.582338239+02:00","level":"INFO","msg":"Pausing system monitor"}
{"time":"2025-04-03T19:26:05.594514116+02:00","level":"INFO","msg":"Resuming system monitor"}
{"time":"2025-04-03T19:26:05.596227459+02:00","level":"INFO","msg":"Pausing system monitor"}
{"time":"2025-04-03T19:26:05.612509344+02:00","level":"INFO","msg":"Resuming system monitor"}
{"time":"2025-04-03T19:26:05.805746715+02:00","level":"INFO","msg":"Pausing system monitor"}
{"time":"2025-04-03T19:26:05.815053251+02:00","level":"INFO","msg":"Resuming system monitor"}
{"time":"2025-04-03T19:26:06.072880203+02:00","level":"INFO","msg":"Pausing system monitor"}
{"time":"2025-04-03T19:26:06.08193919+02:00","level":"INFO","msg":"Resuming system monitor"}
{"time":"2025-04-03T19:26:06.082935596+02:00","level":"INFO","msg":"Pausing system monitor"}
{"time":"2025-04-03T19:26:06.095161652+02:00","level":"INFO","msg":"Resuming system monitor"}
{"time":"2025-04-03T19:26:06.660403363+02:00","level":"INFO","msg":"Pausing system monitor"}
{"time":"2025-04-03T19:26:06.672009188+02:00","level":"INFO","msg":"Resuming system monitor"}
{"time":"2025-04-03T19:26:10.521127358+02:00","level":"INFO","msg":"Pausing system monitor"}
{"time":"2025-04-03T19:26:10.56193578+02:00","level":"INFO","msg":"Resuming system monitor"}
{"time":"2025-04-03T19:26:10.682719065+02:00","level":"INFO","msg":"Pausing system monitor"}
{"time":"2025-04-03T19:26:10.69346118+02:00","level":"INFO","msg":"Resuming system monitor"}
{"time":"2025-04-03T19:26:10.694090702+02:00","level":"INFO","msg":"Pausing system monitor"}
{"time":"2025-04-03T19:26:17.79881776+02:00","level":"INFO","msg":"Resuming system monitor"}
{"time":"2025-04-03T19:26:17.832137319+02:00","level":"INFO","msg":"Pausing system monitor"}
{"time":"2025-04-03T19:26:27.061588176+02:00","level":"INFO","msg":"Resuming system monitor"}
{"time":"2025-04-03T19:26:27.102928625+02:00","level":"INFO","msg":"Pausing system monitor"}
{"time":"2025-04-03T19:26:33.692265267+02:00","level":"INFO","msg":"Resuming system monitor"}
{"time":"2025-04-03T19:26:33.735767333+02:00","level":"INFO","msg":"Pausing system monitor"}
{"time":"2025-04-03T19:26:46.428369426+02:00","level":"INFO","msg":"Resuming system monitor"}
{"time":"2025-04-03T19:26:46.434261557+02:00","level":"INFO","msg":"Pausing system monitor"}
{"time":"2025-04-03T19:26:47.368505472+02:00","level":"INFO","msg":"Resuming system monitor"}
{"time":"2025-04-03T19:26:47.373281133+02:00","level":"INFO","msg":"Pausing system monitor"}
{"time":"2025-04-03T19:26:47.45821168+02:00","level":"INFO","msg":"Resuming system monitor"}
{"time":"2025-04-03T19:26:47.464276881+02:00","level":"INFO","msg":"Pausing system monitor"}
{"time":"2025-04-03T19:26:48.862526008+02:00","level":"INFO","msg":"Resuming system monitor"}
{"time":"2025-04-03T19:26:48.865016637+02:00","level":"INFO","msg":"Pausing system monitor"}
{"time":"2025-04-03T19:26:51.683434374+02:00","level":"INFO","msg":"Resuming system monitor"}
{"time":"2025-04-03T19:26:51.723949941+02:00","level":"INFO","msg":"Pausing system monitor"}
{"time":"2025-04-03T19:26:52.329693959+02:00","level":"INFO","msg":"Resuming system monitor"}
{"time":"2025-04-03T19:26:52.333989002+02:00","level":"INFO","msg":"Pausing system monitor"}
{"time":"2025-04-03T19:26:52.3610038+02:00","level":"INFO","msg":"Resuming system monitor"}
{"time":"2025-04-03T19:26:52.364338567+02:00","level":"INFO","msg":"Pausing system monitor"}
{"time":"2025-04-03T19:26:53.604422414+02:00","level":"INFO","msg":"Resuming system monitor"}
{"time":"2025-04-03T19:26:53.608330208+02:00","level":"INFO","msg":"Pausing system monitor"}
{"time":"2025-04-03T19:26:54.140520146+02:00","level":"INFO","msg":"Resuming system monitor"}
{"time":"2025-04-03T19:26:54.147364948+02:00","level":"INFO","msg":"Pausing system monitor"}
{"time":"2025-04-03T19:27:06.245032813+02:00","level":"INFO","msg":"Resuming system monitor"}
{"time":"2025-04-03T19:27:06.285988419+02:00","level":"INFO","msg":"Pausing system monitor"}
{"time":"2025-04-03T19:27:06.454499202+02:00","level":"INFO","msg":"Resuming system monitor"}
{"time":"2025-04-03T19:27:06.460371623+02:00","level":"INFO","msg":"Pausing system monitor"}
{"time":"2025-04-03T19:27:06.559222932+02:00","level":"INFO","msg":"Resuming system monitor"}
{"time":"2025-04-03T19:27:06.562404879+02:00","level":"INFO","msg":"Pausing system monitor"}
{"time":"2025-04-03T19:27:06.681369726+02:00","level":"INFO","msg":"Resuming system monitor"}
{"time":"2025-04-03T19:27:06.691164154+02:00","level":"INFO","msg":"Pausing system monitor"}
{"time":"2025-04-03T19:27:06.808983658+02:00","level":"INFO","msg":"Resuming system monitor"}
{"time":"2025-04-03T19:27:06.817543346+02:00","level":"INFO","msg":"Pausing system monitor"}
{"time":"2025-04-03T19:27:06.944216512+02:00","level":"INFO","msg":"Resuming system monitor"}
{"time":"2025-04-03T19:27:06.954301289+02:00","level":"INFO","msg":"Pausing system monitor"}
{"time":"2025-04-03T19:27:07.076400003+02:00","level":"INFO","msg":"Resuming system monitor"}
{"time":"2025-04-03T19:27:07.083167576+02:00","level":"INFO","msg":"Pausing system monitor"}
{"time":"2025-04-03T19:27:07.222452091+02:00","level":"INFO","msg":"Resuming system monitor"}
{"time":"2025-04-03T19:27:07.228579259+02:00","level":"INFO","msg":"Pausing system monitor"}
{"time":"2025-04-03T19:27:07.342619304+02:00","level":"INFO","msg":"Resuming system monitor"}
{"time":"2025-04-03T19:27:07.346259861+02:00","level":"INFO","msg":"Pausing system monitor"}
{"time":"2025-04-03T19:27:07.510856853+02:00","level":"INFO","msg":"Resuming system monitor"}
{"time":"2025-04-03T19:27:07.515330272+02:00","level":"INFO","msg":"Pausing system monitor"}
{"time":"2025-04-03T19:27:22.35057378+02:00","level":"INFO","msg":"Resuming system monitor"}
{"time":"2025-04-03T19:27:22.390955061+02:00","level":"INFO","msg":"Pausing system monitor"}
{"time":"2025-04-03T19:27:23.80734679+02:00","level":"INFO","msg":"Resuming system monitor"}
{"time":"2025-04-03T19:27:23.812467934+02:00","level":"INFO","msg":"Pausing system monitor"}
{"time":"2025-04-03T19:27:25.384302686+02:00","level":"INFO","msg":"Resuming system monitor"}
{"time":"2025-04-03T19:27:25.388686795+02:00","level":"INFO","msg":"Pausing system monitor"}
{"time":"2025-04-03T19:27:28.298174032+02:00","level":"INFO","msg":"Resuming system monitor"}
{"time":"2025-04-03T19:27:28.303935106+02:00","level":"INFO","msg":"Pausing system monitor"}
{"time":"2025-04-03T19:27:37.344628659+02:00","level":"INFO","msg":"Resuming system monitor"}
{"time":"2025-04-03T19:27:37.385968424+02:00","level":"INFO","msg":"Pausing system monitor"}
{"time":"2025-04-03T19:27:48.124094768+02:00","level":"INFO","msg":"Resuming system monitor"}
{"time":"2025-04-03T19:27:48.129634219+02:00","level":"INFO","msg":"Pausing system monitor"}
{"time":"2025-04-03T19:27:48.953530091+02:00","level":"INFO","msg":"Resuming system monitor"}
{"time":"2025-04-03T19:27:48.9567139+02:00","level":"INFO","msg":"Pausing system monitor"}
{"time":"2025-04-03T19:27:49.083141023+02:00","level":"INFO","msg":"Resuming system monitor"}
{"time":"2025-04-03T19:27:49.123914092+02:00","level":"INFO","msg":"Pausing system monitor"}
{"time":"2025-04-03T19:27:49.856371366+02:00","level":"INFO","msg":"Resuming system monitor"}
{"time":"2025-04-03T19:27:49.85983578+02:00","level":"INFO","msg":"Pausing system monitor"}
{"time":"2025-04-03T19:27:50.327783134+02:00","level":"INFO","msg":"Resuming system monitor"}
{"time":"2025-04-03T19:27:50.332114228+02:00","level":"INFO","msg":"Pausing system monitor"}
{"time":"2025-04-03T19:27:52.09150899+02:00","level":"INFO","msg":"Resuming system monitor"}
{"time":"2025-04-03T19:27:52.094235687+02:00","level":"INFO","msg":"Pausing system monitor"}
{"time":"2025-04-03T19:27:52.172398352+02:00","level":"INFO","msg":"Resuming system monitor"}
{"time":"2025-04-03T19:27:52.175658213+02:00","level":"INFO","msg":"Pausing system monitor"}
{"time":"2025-04-03T19:27:52.687644488+02:00","level":"INFO","msg":"Resuming system monitor"}
{"time":"2025-04-03T19:27:52.690876936+02:00","level":"INFO","msg":"Pausing system monitor"}
{"time":"2025-04-03T19:27:53.890674477+02:00","level":"INFO","msg":"Resuming system monitor"}
{"time":"2025-04-03T19:27:53.896607865+02:00","level":"INFO","msg":"Pausing system monitor"}
{"time":"2025-04-03T19:27:54.167851188+02:00","level":"INFO","msg":"Resuming system monitor"}
{"time":"2025-04-03T19:27:54.174902392+02:00","level":"INFO","msg":"Pausing system monitor"}
{"time":"2025-04-03T19:27:57.374917188+02:00","level":"INFO","msg":"Resuming system monitor"}
{"time":"2025-04-03T19:27:57.384466257+02:00","level":"INFO","msg":"Pausing system monitor"}
{"time":"2025-04-03T19:27:58.771515836+02:00","level":"INFO","msg":"Resuming system monitor"}
{"time":"2025-04-03T19:27:58.773522202+02:00","level":"INFO","msg":"Pausing system monitor"}
{"time":"2025-04-03T19:28:11.393422425+02:00","level":"INFO","msg":"Resuming system monitor"}
{"time":"2025-04-03T19:28:11.432115472+02:00","level":"INFO","msg":"Pausing system monitor"}
{"time":"2025-04-03T19:28:13.238621941+02:00","level":"INFO","msg":"Resuming system monitor"}
{"time":"2025-04-03T19:28:13.241601186+02:00","level":"INFO","msg":"Pausing system monitor"}
{"time":"2025-04-03T19:28:14.026789982+02:00","level":"INFO","msg":"Resuming system monitor"}
{"time":"2025-04-03T19:28:14.060363551+02:00","level":"INFO","msg":"Pausing system monitor"}
{"time":"2025-04-03T19:28:16.929905844+02:00","level":"INFO","msg":"Resuming system monitor"}
{"time":"2025-04-03T19:28:16.932735809+02:00","level":"INFO","msg":"Pausing system monitor"}
{"time":"2025-04-03T19:28:44.544045755+02:00","level":"INFO","msg":"Resuming system monitor"}
{"time":"2025-04-03T19:28:44.548768982+02:00","level":"INFO","msg":"Pausing system monitor"}
{"time":"2025-04-03T19:28:45.685261956+02:00","level":"INFO","msg":"Resuming system monitor"}
{"time":"2025-04-03T19:28:45.688247347+02:00","level":"INFO","msg":"Pausing system monitor"}
{"time":"2025-04-03T19:28:45.801830177+02:00","level":"INFO","msg":"Resuming system monitor"}
{"time":"2025-04-03T19:28:45.804238313+02:00","level":"INFO","msg":"Pausing system monitor"}
{"time":"2025-04-03T19:28:46.818684625+02:00","level":"INFO","msg":"Resuming system monitor"}
{"time":"2025-04-03T19:28:46.821353866+02:00","level":"INFO","msg":"Pausing system monitor"}
{"time":"2025-04-03T19:28:49.595387876+02:00","level":"INFO","msg":"Resuming system monitor"}
{"time":"2025-04-03T19:28:50.223548047+02:00","level":"INFO","msg":"Pausing system monitor"}
{"time":"2025-04-03T19:28:54.246186224+02:00","level":"INFO","msg":"Resuming system monitor"}
{"time":"2025-04-03T19:28:54.24898705+02:00","level":"INFO","msg":"Pausing system monitor"}
{"time":"2025-04-03T19:28:56.736827491+02:00","level":"INFO","msg":"Resuming system monitor"}
{"time":"2025-04-03T19:28:56.742367195+02:00","level":"INFO","msg":"Pausing system monitor"}
{"time":"2025-04-03T19:28:57.480500161+02:00","level":"INFO","msg":"Resuming system monitor"}
{"time":"2025-04-03T19:28:57.483418405+02:00","level":"INFO","msg":"Pausing system monitor"}
{"time":"2025-04-03T19:28:58.038418729+02:00","level":"INFO","msg":"Resuming system monitor"}
{"time":"2025-04-03T19:28:58.044343876+02:00","level":"INFO","msg":"Pausing system monitor"}
{"time":"2025-04-03T19:28:58.564626079+02:00","level":"INFO","msg":"Resuming system monitor"}
{"time":"2025-04-03T19:28:58.570131049+02:00","level":"INFO","msg":"Pausing system monitor"}
{"time":"2025-04-03T19:29:00.710239102+02:00","level":"INFO","msg":"Resuming system monitor"}
{"time":"2025-04-03T19:29:00.7509406+02:00","level":"INFO","msg":"Pausing system monitor"}
{"time":"2025-04-03T19:29:01.857235251+02:00","level":"INFO","msg":"Resuming system monitor"}
{"time":"2025-04-03T19:29:02.238139831+02:00","level":"INFO","msg":"Pausing system monitor"}
{"time":"2025-04-03T19:29:31.786179471+02:00","level":"INFO","msg":"Resuming system monitor"}
{"time":"2025-04-03T19:29:31.826964736+02:00","level":"INFO","msg":"Pausing system monitor"}
{"time":"2025-04-03T19:29:31.826991505+02:00","level":"INFO","msg":"Resuming system monitor"}
{"time":"2025-04-03T19:29:31.826994794+02:00","level":"INFO","msg":"Pausing system monitor"}
{"time":"2025-04-03T19:29:32.270807693+02:00","level":"INFO","msg":"Resuming system monitor"}
{"time":"2025-04-03T19:29:32.277126701+02:00","level":"INFO","msg":"Pausing system monitor"}
{"time":"2025-04-03T19:29:32.29393149+02:00","level":"INFO","msg":"Resuming system monitor"}
{"time":"2025-04-03T19:29:32.298356919+02:00","level":"INFO","msg":"Pausing system monitor"}
{"time":"2025-04-03T19:29:32.466991618+02:00","level":"INFO","msg":"Resuming system monitor"}
{"time":"2025-04-03T19:29:32.469003303+02:00","level":"INFO","msg":"Pausing system monitor"}
{"time":"2025-04-03T19:29:32.975893777+02:00","level":"INFO","msg":"Resuming system monitor"}
{"time":"2025-04-03T19:29:32.978198467+02:00","level":"INFO","msg":"Pausing system monitor"}
{"time":"2025-04-03T19:29:50.388315569+02:00","level":"INFO","msg":"Resuming system monitor"}
{"time":"2025-04-03T19:29:50.429096115+02:00","level":"INFO","msg":"Pausing system monitor"}
{"time":"2025-04-03T19:55:47.557092852+02:00","level":"INFO","msg":"api: retrying error","error":"Post \"https://api.wandb.ai/files/vrodriguezf90/dltemp/6imwdje9/file_stream\": dial tcp: lookup api.wandb.ai on 127.0.0.53:53: server misbehaving"}
{"time":"2025-04-03T19:55:50.051520569+02:00","level":"INFO","msg":"api: retrying error","error":"Post \"https://api.wandb.ai/files/vrodriguezf90/dltemp/6imwdje9/file_stream\": dial tcp: lookup api.wandb.ai on 127.0.0.53:53: server misbehaving"}
{"time":"2025-04-03T20:01:14.356794744+02:00","level":"INFO","msg":"Resuming system monitor"}
{"time":"2025-04-03T20:01:14.397574519+02:00","level":"INFO","msg":"Pausing system monitor"}
{"time":"2025-04-03T20:01:14.953157399+02:00","level":"INFO","msg":"Resuming system monitor"}
{"time":"2025-04-03T20:01:14.958251007+02:00","level":"INFO","msg":"Pausing system monitor"}
{"time":"2025-04-03T20:01:15.499710824+02:00","level":"INFO","msg":"Resuming system monitor"}
{"time":"2025-04-03T20:01:15.502070869+02:00","level":"INFO","msg":"Pausing system monitor"}
{"time":"2025-04-03T20:01:16.498527651+02:00","level":"INFO","msg":"Resuming system monitor"}
{"time":"2025-04-03T20:01:16.500954777+02:00","level":"INFO","msg":"Pausing system monitor"}
{"time":"2025-04-03T20:01:30.773251344+02:00","level":"INFO","msg":"Resuming system monitor"}
{"time":"2025-04-03T20:01:30.814336424+02:00","level":"INFO","msg":"Pausing system monitor"}
{"time":"2025-04-03T20:01:35.258829534+02:00","level":"INFO","msg":"Resuming system monitor"}
{"time":"2025-04-03T20:01:35.260663662+02:00","level":"INFO","msg":"Pausing system monitor"}
{"time":"2025-04-03T20:02:12.264284188+02:00","level":"INFO","msg":"Resuming system monitor"}
{"time":"2025-04-03T20:02:12.306212533+02:00","level":"INFO","msg":"Pausing system monitor"}
{"time":"2025-04-03T20:02:13.914503361+02:00","level":"INFO","msg":"Resuming system monitor"}
{"time":"2025-04-03T20:02:13.921947286+02:00","level":"INFO","msg":"Pausing system monitor"}
{"time":"2025-04-03T20:02:14.047903152+02:00","level":"INFO","msg":"Resuming system monitor"}
{"time":"2025-04-03T20:02:14.049687184+02:00","level":"INFO","msg":"Pausing system monitor"}
{"time":"2025-04-03T20:02:15.351493052+02:00","level":"INFO","msg":"Resuming system monitor"}
{"time":"2025-04-03T20:02:15.356592275+02:00","level":"INFO","msg":"Pausing system monitor"}
{"time":"2025-04-03T20:02:18.395157618+02:00","level":"INFO","msg":"Resuming system monitor"}
{"time":"2025-04-03T20:02:18.435158873+02:00","level":"INFO","msg":"Pausing system monitor"}
{"time":"2025-04-03T20:02:23.311153032+02:00","level":"INFO","msg":"Resuming system monitor"}
{"time":"2025-04-03T20:02:23.314246859+02:00","level":"INFO","msg":"Pausing system monitor"}
{"time":"2025-04-03T20:02:28.141991161+02:00","level":"INFO","msg":"Resuming system monitor"}
{"time":"2025-04-03T20:02:28.182227331+02:00","level":"INFO","msg":"Pausing system monitor"}
{"time":"2025-04-03T20:02:30.82368641+02:00","level":"INFO","msg":"Resuming system monitor"}
{"time":"2025-04-03T20:02:30.827019054+02:00","level":"INFO","msg":"Pausing system monitor"}
{"time":"2025-04-03T20:02:33.211233565+02:00","level":"INFO","msg":"Resuming system monitor"}
{"time":"2025-04-03T20:02:33.214578721+02:00","level":"INFO","msg":"Pausing system monitor"}
{"time":"2025-04-03T20:02:33.691498647+02:00","level":"INFO","msg":"Resuming system monitor"}
{"time":"2025-04-03T20:02:33.694769722+02:00","level":"INFO","msg":"Pausing system monitor"}
{"time":"2025-04-03T20:02:37.024589891+02:00","level":"INFO","msg":"Resuming system monitor"}
{"time":"2025-04-03T20:02:37.026827797+02:00","level":"INFO","msg":"Pausing system monitor"}
{"time":"2025-04-03T20:02:37.831257429+02:00","level":"INFO","msg":"Resuming system monitor"}
{"time":"2025-04-03T20:02:37.873234273+02:00","level":"INFO","msg":"Pausing system monitor"}
{"time":"2025-04-03T20:02:40.957819049+02:00","level":"INFO","msg":"Resuming system monitor"}
{"time":"2025-04-03T20:02:40.961608963+02:00","level":"INFO","msg":"Pausing system monitor"}
{"time":"2025-04-03T20:02:40.979369605+02:00","level":"INFO","msg":"Resuming system monitor"}
{"time":"2025-04-03T20:02:40.985014974+02:00","level":"INFO","msg":"Pausing system monitor"}
{"time":"2025-04-03T20:02:41.142805611+02:00","level":"INFO","msg":"Resuming system monitor"}
{"time":"2025-04-03T20:02:41.153000518+02:00","level":"INFO","msg":"Pausing system monitor"}
{"time":"2025-04-03T20:02:41.180651031+02:00","level":"INFO","msg":"Resuming system monitor"}
{"time":"2025-04-03T20:02:41.184948185+02:00","level":"INFO","msg":"Pausing system monitor"}
{"time":"2025-04-03T20:03:20.292938163+02:00","level":"INFO","msg":"Resuming system monitor"}
{"time":"2025-04-03T20:03:21.14788938+02:00","level":"INFO","msg":"Pausing system monitor"}
{"time":"2025-04-03T20:03:34.977878598+02:00","level":"INFO","msg":"Resuming system monitor"}
{"time":"2025-04-03T20:03:34.982994001+02:00","level":"INFO","msg":"Pausing system monitor"}
{"time":"2025-04-03T20:03:35.524719562+02:00","level":"INFO","msg":"Resuming system monitor"}
{"time":"2025-04-03T20:03:35.529740469+02:00","level":"INFO","msg":"Pausing system monitor"}
{"time":"2025-04-03T20:03:36.700460139+02:00","level":"INFO","msg":"Resuming system monitor"}
{"time":"2025-04-03T20:03:36.702575823+02:00","level":"INFO","msg":"Pausing system monitor"}
{"time":"2025-04-03T20:03:42.444207144+02:00","level":"INFO","msg":"Resuming system monitor"}
{"time":"2025-04-03T20:03:42.485234694+02:00","level":"INFO","msg":"Pausing system monitor"}
{"time":"2025-04-03T20:03:42.87485145+02:00","level":"INFO","msg":"Resuming system monitor"}
{"time":"2025-04-03T20:03:42.87834756+02:00","level":"INFO","msg":"Pausing system monitor"}
{"time":"2025-04-03T20:03:46.187592512+02:00","level":"INFO","msg":"Resuming system monitor"}
{"time":"2025-04-03T20:03:46.190551172+02:00","level":"INFO","msg":"Pausing system monitor"}
{"time":"2025-04-03T20:03:46.554269787+02:00","level":"INFO","msg":"Resuming system monitor"}
{"time":"2025-04-03T20:03:46.559265896+02:00","level":"INFO","msg":"Pausing system monitor"}
{"time":"2025-04-03T20:03:48.624388728+02:00","level":"INFO","msg":"Resuming system monitor"}
{"time":"2025-04-03T20:03:48.667212899+02:00","level":"INFO","msg":"Pausing system monitor"}
{"time":"2025-04-03T20:03:48.989778611+02:00","level":"INFO","msg":"Resuming system monitor"}
{"time":"2025-04-03T20:03:48.992612585+02:00","level":"INFO","msg":"Pausing system monitor"}
{"time":"2025-04-03T20:03:54.473049239+02:00","level":"INFO","msg":"Resuming system monitor"}
{"time":"2025-04-03T20:03:54.476893104+02:00","level":"INFO","msg":"Pausing system monitor"}
{"time":"2025-04-03T20:03:54.96783814+02:00","level":"INFO","msg":"Resuming system monitor"}
{"time":"2025-04-03T20:03:54.96941113+02:00","level":"INFO","msg":"Pausing system monitor"}
{"time":"2025-04-03T20:04:01.166587307+02:00","level":"INFO","msg":"Resuming system monitor"}
{"time":"2025-04-03T20:04:01.207205907+02:00","level":"INFO","msg":"Pausing system monitor"}
{"time":"2025-04-03T20:04:02.109286952+02:00","level":"INFO","msg":"Resuming system monitor"}
{"time":"2025-04-03T20:04:02.111468521+02:00","level":"INFO","msg":"Pausing system monitor"}
{"time":"2025-04-03T20:04:04.26197508+02:00","level":"INFO","msg":"Resuming system monitor"}
{"time":"2025-04-03T20:04:04.266519897+02:00","level":"INFO","msg":"Pausing system monitor"}
{"time":"2025-04-03T20:04:05.016324884+02:00","level":"INFO","msg":"Resuming system monitor"}
{"time":"2025-04-03T20:04:05.018466239+02:00","level":"INFO","msg":"Pausing system monitor"}
{"time":"2025-04-03T20:04:06.426533531+02:00","level":"INFO","msg":"Resuming system monitor"}
{"time":"2025-04-03T20:04:06.430312838+02:00","level":"INFO","msg":"Pausing system monitor"}
{"time":"2025-04-03T20:04:06.815763781+02:00","level":"INFO","msg":"Resuming system monitor"}
{"time":"2025-04-03T20:04:06.817603038+02:00","level":"INFO","msg":"Pausing system monitor"}
{"time":"2025-04-03T20:04:08.009439814+02:00","level":"INFO","msg":"Resuming system monitor"}
{"time":"2025-04-03T20:04:08.050161626+02:00","level":"INFO","msg":"Pausing system monitor"}
{"time":"2025-04-03T20:04:09.471228855+02:00","level":"INFO","msg":"Resuming system monitor"}
{"time":"2025-04-03T20:04:09.474264362+02:00","level":"INFO","msg":"Pausing system monitor"}
{"time":"2025-04-03T20:07:29.816202627+02:00","level":"INFO","msg":"Resuming system monitor"}
{"time":"2025-04-03T20:07:29.857176509+02:00","level":"INFO","msg":"Pausing system monitor"}
{"time":"2025-04-03T20:07:30.260776798+02:00","level":"INFO","msg":"Resuming system monitor"}
{"time":"2025-04-03T20:07:30.265552648+02:00","level":"INFO","msg":"Pausing system monitor"}
{"time":"2025-04-03T20:07:34.394565013+02:00","level":"INFO","msg":"Resuming system monitor"}
{"time":"2025-04-03T20:07:34.40646658+02:00","level":"INFO","msg":"Pausing system monitor"}
{"time":"2025-04-03T20:07:43.790086496+02:00","level":"INFO","msg":"Resuming system monitor"}
{"time":"2025-04-03T20:07:43.830218531+02:00","level":"INFO","msg":"Pausing system monitor"}
{"time":"2025-04-03T20:07:48.510754469+02:00","level":"INFO","msg":"Resuming system monitor"}
{"time":"2025-04-03T20:07:48.552186306+02:00","level":"INFO","msg":"Pausing system monitor"}
{"time":"2025-04-03T20:07:49.170084482+02:00","level":"INFO","msg":"Resuming system monitor"}
{"time":"2025-04-03T20:07:49.175637135+02:00","level":"INFO","msg":"Pausing system monitor"}
{"time":"2025-04-03T20:07:50.467140955+02:00","level":"INFO","msg":"Resuming system monitor"}
{"time":"2025-04-03T20:07:50.469200218+02:00","level":"INFO","msg":"Pausing system monitor"}
{"time":"2025-04-03T20:07:51.353733524+02:00","level":"INFO","msg":"Resuming system monitor"}
{"time":"2025-04-03T20:07:51.357901457+02:00","level":"INFO","msg":"Pausing system monitor"}
{"time":"2025-04-03T20:07:52.593722216+02:00","level":"INFO","msg":"Resuming system monitor"}
{"time":"2025-04-03T20:07:52.596330266+02:00","level":"INFO","msg":"Pausing system monitor"}
{"time":"2025-04-03T20:07:52.776169162+02:00","level":"INFO","msg":"Resuming system monitor"}
{"time":"2025-04-03T20:07:52.781718345+02:00","level":"INFO","msg":"Pausing system monitor"}
{"time":"2025-04-03T20:07:53.458743143+02:00","level":"INFO","msg":"Resuming system monitor"}
{"time":"2025-04-03T20:07:53.461877509+02:00","level":"INFO","msg":"Pausing system monitor"}
{"time":"2025-04-03T20:07:54.316413308+02:00","level":"INFO","msg":"Resuming system monitor"}
{"time":"2025-04-03T20:07:54.319382163+02:00","level":"INFO","msg":"Pausing system monitor"}
{"time":"2025-04-03T20:07:55.065082383+02:00","level":"INFO","msg":"Resuming system monitor"}
{"time":"2025-04-03T20:07:55.068281764+02:00","level":"INFO","msg":"Pausing system monitor"}
{"time":"2025-04-03T20:08:18.844650118+02:00","level":"INFO","msg":"Resuming system monitor"}
{"time":"2025-04-03T20:08:18.885229855+02:00","level":"INFO","msg":"Pausing system monitor"}
{"time":"2025-04-03T20:08:19.100607034+02:00","level":"INFO","msg":"Resuming system monitor"}
{"time":"2025-04-03T20:08:19.105893386+02:00","level":"INFO","msg":"Pausing system monitor"}
{"time":"2025-04-03T20:08:19.409469198+02:00","level":"INFO","msg":"Resuming system monitor"}
{"time":"2025-04-03T20:08:19.419125422+02:00","level":"INFO","msg":"Pausing system monitor"}
{"time":"2025-04-03T20:08:20.053107088+02:00","level":"INFO","msg":"Resuming system monitor"}
{"time":"2025-04-03T20:08:20.057351863+02:00","level":"INFO","msg":"Pausing system monitor"}
{"time":"2025-04-03T20:09:10.69052809+02:00","level":"INFO","msg":"Resuming system monitor"}
{"time":"2025-04-03T20:09:10.731199554+02:00","level":"INFO","msg":"Pausing system monitor"}
{"time":"2025-04-03T20:09:10.783305288+02:00","level":"INFO","msg":"Resuming system monitor"}
{"time":"2025-04-03T20:09:10.785860277+02:00","level":"INFO","msg":"Pausing system monitor"}
{"time":"2025-04-03T20:09:11.283105746+02:00","level":"INFO","msg":"Resuming system monitor"}
{"time":"2025-04-03T20:09:11.285154253+02:00","level":"INFO","msg":"Pausing system monitor"}
{"time":"2025-04-03T20:09:11.401181884+02:00","level":"INFO","msg":"Resuming system monitor"}
{"time":"2025-04-03T20:09:11.403045757+02:00","level":"INFO","msg":"Pausing system monitor"}
{"time":"2025-04-03T20:09:15.203639661+02:00","level":"INFO","msg":"Resuming system monitor"}
{"time":"2025-04-03T20:09:15.208646112+02:00","level":"INFO","msg":"Pausing system monitor"}
{"time":"2025-04-03T20:09:16.881820608+02:00","level":"INFO","msg":"Resuming system monitor"}
{"time":"2025-04-03T20:09:16.891790397+02:00","level":"INFO","msg":"Pausing system monitor"}
{"time":"2025-04-03T20:09:16.970597293+02:00","level":"INFO","msg":"Resuming system monitor"}
{"time":"2025-04-03T20:09:16.979818732+02:00","level":"INFO","msg":"Pausing system monitor"}
{"time":"2025-04-03T20:09:25.952556753+02:00","level":"INFO","msg":"Resuming system monitor"}
{"time":"2025-04-03T20:09:25.993231533+02:00","level":"INFO","msg":"Pausing system monitor"}
{"time":"2025-04-03T20:09:27.82869117+02:00","level":"INFO","msg":"Resuming system monitor"}
{"time":"2025-04-03T20:09:27.870152011+02:00","level":"INFO","msg":"Pausing system monitor"}
{"time":"2025-04-03T20:09:27.903547572+02:00","level":"INFO","msg":"Resuming system monitor"}
{"time":"2025-04-03T20:09:27.906065154+02:00","level":"INFO","msg":"Pausing system monitor"}
{"time":"2025-04-03T20:09:28.442908949+02:00","level":"INFO","msg":"Resuming system monitor"}
{"time":"2025-04-03T20:09:28.444814887+02:00","level":"INFO","msg":"Pausing system monitor"}
{"time":"2025-04-03T20:09:28.601250797+02:00","level":"INFO","msg":"Resuming system monitor"}
{"time":"2025-04-03T20:09:28.60381847+02:00","level":"INFO","msg":"Pausing system monitor"}
{"time":"2025-04-03T20:09:30.954501937+02:00","level":"INFO","msg":"Resuming system monitor"}
{"time":"2025-04-03T20:09:30.95692694+02:00","level":"INFO","msg":"Pausing system monitor"}
{"time":"2025-04-03T20:09:30.976282045+02:00","level":"INFO","msg":"Resuming system monitor"}
{"time":"2025-04-03T20:09:30.983157249+02:00","level":"INFO","msg":"Pausing system monitor"}
{"time":"2025-04-03T20:09:31.006339262+02:00","level":"INFO","msg":"Resuming system monitor"}
{"time":"2025-04-03T20:09:31.011131348+02:00","level":"INFO","msg":"Pausing system monitor"}
{"time":"2025-04-03T20:09:33.001360649+02:00","level":"INFO","msg":"Resuming system monitor"}
{"time":"2025-04-03T20:09:33.006574447+02:00","level":"INFO","msg":"Pausing system monitor"}
{"time":"2025-04-03T20:09:45.907779679+02:00","level":"INFO","msg":"Resuming system monitor"}
{"time":"2025-04-03T20:09:45.948157024+02:00","level":"INFO","msg":"Pausing system monitor"}
{"time":"2025-04-03T20:09:51.137545442+02:00","level":"INFO","msg":"Resuming system monitor"}
{"time":"2025-04-03T20:09:51.180224358+02:00","level":"INFO","msg":"Pausing system monitor"}
{"time":"2025-04-03T20:10:16.96802695+02:00","level":"INFO","msg":"Resuming system monitor"}
{"time":"2025-04-03T20:10:17.009356591+02:00","level":"INFO","msg":"Pausing system monitor"}
{"time":"2025-04-03T20:10:17.811812088+02:00","level":"INFO","msg":"Resuming system monitor"}
{"time":"2025-04-03T20:10:17.817150672+02:00","level":"INFO","msg":"Pausing system monitor"}
{"time":"2025-04-03T20:10:18.577079677+02:00","level":"INFO","msg":"Resuming system monitor"}
{"time":"2025-04-03T20:10:18.578203541+02:00","level":"INFO","msg":"Pausing system monitor"}
{"time":"2025-04-03T20:10:19.385897888+02:00","level":"INFO","msg":"Resuming system monitor"}
{"time":"2025-04-03T20:10:19.386835071+02:00","level":"INFO","msg":"Pausing system monitor"}
{"time":"2025-04-03T20:10:20.095465136+02:00","level":"INFO","msg":"Resuming system monitor"}
{"time":"2025-04-03T20:10:20.096496797+02:00","level":"INFO","msg":"Pausing system monitor"}
{"time":"2025-04-03T20:11:17.724178305+02:00","level":"INFO","msg":"Resuming system monitor"}
{"time":"2025-04-03T20:11:17.731252863+02:00","level":"INFO","msg":"Pausing system monitor"}
{"time":"2025-04-03T20:12:55.549511287+02:00","level":"INFO","msg":"Resuming system monitor"}
{"time":"2025-04-03T20:12:55.590158188+02:00","level":"INFO","msg":"Pausing system monitor"}
{"time":"2025-04-03T20:12:55.97145263+02:00","level":"INFO","msg":"Resuming system monitor"}
{"time":"2025-04-03T20:12:55.975541886+02:00","level":"INFO","msg":"Pausing system monitor"}
{"time":"2025-04-03T20:13:04.094787484+02:00","level":"INFO","msg":"Resuming system monitor"}
{"time":"2025-04-03T20:13:04.09636706+02:00","level":"INFO","msg":"Pausing system monitor"}
{"time":"2025-04-03T20:24:42.151012648+02:00","level":"INFO","msg":"Resuming system monitor"}
{"time":"2025-04-03T20:24:42.191235149+02:00","level":"INFO","msg":"Pausing system monitor"}
{"time":"2025-04-03T20:24:47.762452261+02:00","level":"INFO","msg":"Resuming system monitor"}
{"time":"2025-04-03T20:24:47.803517956+02:00","level":"INFO","msg":"Pausing system monitor"}
{"time":"2025-04-03T20:24:48.591257584+02:00","level":"INFO","msg":"Resuming system monitor"}
{"time":"2025-04-03T20:24:48.597225161+02:00","level":"INFO","msg":"Pausing system monitor"}
{"time":"2025-04-03T20:24:48.914680336+02:00","level":"INFO","msg":"Resuming system monitor"}
{"time":"2025-04-03T20:24:48.921106933+02:00","level":"INFO","msg":"Pausing system monitor"}
{"time":"2025-04-03T20:24:49.05859738+02:00","level":"INFO","msg":"Resuming system monitor"}
{"time":"2025-04-03T20:24:49.061365179+02:00","level":"INFO","msg":"Pausing system monitor"}
{"time":"2025-04-03T20:24:49.141204235+02:00","level":"INFO","msg":"Resuming system monitor"}
{"time":"2025-04-03T20:24:49.14430382+02:00","level":"INFO","msg":"Pausing system monitor"}
{"time":"2025-04-03T20:25:02.681729827+02:00","level":"INFO","msg":"Resuming system monitor"}
{"time":"2025-04-03T20:25:02.746219061+02:00","level":"INFO","msg":"Pausing system monitor"}
{"time":"2025-04-03T20:25:04.887651721+02:00","level":"INFO","msg":"Resuming system monitor"}
{"time":"2025-04-03T20:25:04.892057902+02:00","level":"INFO","msg":"Pausing system monitor"}
{"time":"2025-04-03T20:25:13.60067663+02:00","level":"INFO","msg":"Resuming system monitor"}
{"time":"2025-04-03T20:25:13.64214061+02:00","level":"INFO","msg":"Pausing system monitor"}
{"time":"2025-04-03T20:25:14.09031362+02:00","level":"INFO","msg":"Resuming system monitor"}
{"time":"2025-04-03T20:25:14.094921469+02:00","level":"INFO","msg":"Pausing system monitor"}
{"time":"2025-04-03T20:25:16.897830697+02:00","level":"INFO","msg":"Resuming system monitor"}
{"time":"2025-04-03T20:25:16.902065865+02:00","level":"INFO","msg":"Pausing system monitor"}
{"time":"2025-04-03T20:25:17.50923279+02:00","level":"INFO","msg":"Resuming system monitor"}
{"time":"2025-04-03T20:25:17.517532375+02:00","level":"INFO","msg":"Pausing system monitor"}
{"time":"2025-04-03T20:25:26.527813171+02:00","level":"INFO","msg":"Resuming system monitor"}
{"time":"2025-04-03T20:25:26.568182569+02:00","level":"INFO","msg":"Pausing system monitor"}
{"time":"2025-04-03T20:25:26.887243607+02:00","level":"INFO","msg":"Resuming system monitor"}
{"time":"2025-04-03T20:25:26.890225454+02:00","level":"INFO","msg":"Pausing system monitor"}
{"time":"2025-04-03T20:25:32.708912686+02:00","level":"INFO","msg":"Resuming system monitor"}
{"time":"2025-04-03T20:25:32.717780598+02:00","level":"INFO","msg":"Pausing system monitor"}
{"time":"2025-04-03T20:25:32.74394744+02:00","level":"INFO","msg":"Resuming system monitor"}
{"time":"2025-04-03T20:25:32.74603077+02:00","level":"INFO","msg":"Pausing system monitor"}
{"time":"2025-04-03T20:25:33.028275001+02:00","level":"INFO","msg":"Resuming system monitor"}
{"time":"2025-04-03T20:25:33.070347957+02:00","level":"INFO","msg":"Pausing system monitor"}
{"time":"2025-04-03T20:25:33.121497745+02:00","level":"INFO","msg":"Resuming system monitor"}
{"time":"2025-04-03T20:25:33.124149327+02:00","level":"INFO","msg":"Pausing system monitor"}
{"time":"2025-04-03T20:25:33.684471174+02:00","level":"INFO","msg":"Resuming system monitor"}
{"time":"2025-04-03T20:25:33.690808763+02:00","level":"INFO","msg":"Pausing system monitor"}
{"time":"2025-04-03T20:25:42.346452943+02:00","level":"INFO","msg":"Resuming system monitor"}
{"time":"2025-04-03T20:25:42.387208668+02:00","level":"INFO","msg":"Pausing system monitor"}
{"time":"2025-04-03T20:25:45.494206075+02:00","level":"INFO","msg":"Resuming system monitor"}
{"time":"2025-04-03T20:25:45.498423588+02:00","level":"INFO","msg":"Pausing system monitor"}
{"time":"2025-04-03T20:25:47.805113468+02:00","level":"INFO","msg":"Resuming system monitor"}
{"time":"2025-04-03T20:25:47.846204012+02:00","level":"INFO","msg":"Pausing system monitor"}
{"time":"2025-04-03T20:25:48.599691292+02:00","level":"INFO","msg":"Resuming system monitor"}
{"time":"2025-04-03T20:25:48.60167323+02:00","level":"INFO","msg":"Pausing system monitor"}
{"time":"2025-04-03T20:25:49.421748478+02:00","level":"INFO","msg":"Resuming system monitor"}
{"time":"2025-04-03T20:25:49.430806109+02:00","level":"INFO","msg":"Pausing system monitor"}
{"time":"2025-04-03T20:29:44.920677742+02:00","level":"INFO","msg":"Resuming system monitor"}
{"time":"2025-04-03T20:29:44.961182614+02:00","level":"INFO","msg":"Pausing system monitor"}
{"time":"2025-04-03T20:29:51.818535581+02:00","level":"INFO","msg":"Resuming system monitor"}
{"time":"2025-04-03T20:29:51.860144404+02:00","level":"INFO","msg":"Pausing system monitor"}
{"time":"2025-04-03T20:29:51.860161225+02:00","level":"INFO","msg":"Resuming system monitor"}
{"time":"2025-04-03T20:29:51.867987155+02:00","level":"INFO","msg":"Pausing system monitor"}
{"time":"2025-04-03T20:29:54.843011098+02:00","level":"INFO","msg":"Resuming system monitor"}
{"time":"2025-04-03T20:29:54.851197561+02:00","level":"INFO","msg":"Pausing system monitor"}
